<?xml version="1.0" encoding="utf-8" standalone="no"?>
<test-results xmlns:xsi="http://www.w3.org/2001/XMLSchema-instance" xsi:noNamespaceSchemaLocation="nunit_schema_2.5.xsd" name="PSModuleTest-SourceCode-Windows" total="10" errors="0" failures="0" not-run="0" inconclusive="0" ignored="0" skipped="1" invalid="0" date="2025-04-17" time="07:28:08">
  <environment cwd="D:\a\Path\Path" clr-version="8.0.12" user-domain="fv-az586-869" platform="Microsoft Windows Server 2022 Datacenter|C:\Windows|\Device\Harddisk0\Partition2" user="runneradmin" nunit-version="2.5.8.0" os-version="10.0.20348" machine-name="fv-az586-869" />
  <culture-info current-culture="en-US" current-uiculture="en-US" />
  <test-suite type="TestFixture" name="PSModuleTest-SourceCode-Windows" executed="True" result="Ignored" success="True" time="1.155" asserts="0" description="Pester">
    <results>
      <test-suite type="TestFixture" name="D:\a\_actions\PSModule\Test-PSModule\v3\scripts\tests\SourceCode\PSModule\PSModule.Tests.ps1" executed="True" result="Ignored" success="True" time="1.155" asserts="0" description="D:\a\_actions\PSModule\Test-PSModule\v3\scripts\tests\SourceCode\PSModule\PSModule.Tests.ps1">
        <results>
          <test-suite type="TestFixture" name="PSModule - SourceCode tests" executed="True" result="Ignored" success="True" time="0.5567" asserts="0" description="PSModule - SourceCode tests">
            <results>
              <test-suite type="TestFixture" name="PSModule - SourceCode tests.General tests" executed="True" result="Ignored" success="True" time="0.2422" asserts="0" description="PSModule - SourceCode tests.General tests">
                <results>
                  <test-case description="Should use '[System.Environment]::ProcessorCount' instead of '$env:NUMBER_OF_PROCESSORS' (ID: NumberOfProcessors)" name="PSModule - SourceCode tests.General tests.Should use '[System.Environment]::ProcessorCount' instead of '$env:NUMBER_OF_PROCESSORS' (ID: NumberOfProcessors)" time="0.1149" asserts="0" success="True" result="Success" executed="True" />
                  <test-case description="Should not contain '-Verbose' unless it is disabled using ':$false' qualifier after it (ID: Verbose)" name="PSModule - SourceCode tests.General tests.Should not contain '-Verbose' unless it is disabled using ':$false' qualifier after it (ID: Verbose)" time="0.0135" asserts="0" success="True" result="Success" executed="True" />
                  <test-case description="Should use '$null = ...' instead of '... | Out-Null' (ID: OutNull)" name="PSModule - SourceCode tests.General tests.Should use '$null = ...' instead of '... | Out-Null' (ID: OutNull)" time="0.0124" asserts="0" success="True" result="Success" executed="True" />
                  <test-case description="Should not use ternary operations for compatibility reasons (ID: NoTernary)" name="PSModule - SourceCode tests.General tests.Should not use ternary operations for compatibility reasons (ID: NoTernary)" time="0.0077" asserts="0" success="False" result="Ignored" executed="False" />
                  <test-case description="all powershell keywords are lowercase (ID: LowercaseKeywords)" name="PSModule - SourceCode tests.General tests.all powershell keywords are lowercase (ID: LowercaseKeywords)" time="0.0397" asserts="0" success="True" result="Success" executed="True" />
                </results>
              </test-suite>
              <test-suite type="TestFixture" name="PSModule - SourceCode tests.functions" executed="True" result="Success" success="True" time="0.538" asserts="0" description="PSModule - SourceCode tests.functions">
                <results>
                  <test-suite type="TestFixture" name="PSModule - SourceCode tests.functions.Generic" executed="True" result="Success" success="True" time="0.1963" asserts="0" description="PSModule - SourceCode tests.functions.Generic">
                    <results>
                      <test-case description="Should contain one function or filter (ID: FunctionCount)" name="PSModule - SourceCode tests.functions.Generic.Should contain one function or filter (ID: FunctionCount)" time="0.0252" asserts="0" success="True" result="Success" executed="True" />
                      <test-case description="Should have matching filename and function/filter name (ID: FunctionName)" name="PSModule - SourceCode tests.functions.Generic.Should have matching filename and function/filter name (ID: FunctionName)" time="0.0289" asserts="0" success="True" result="Success" executed="True" />
                      <test-case description="Should have [CmdletBinding()] attribute (ID: CmdletBinding)" name="PSModule - SourceCode tests.functions.Generic.Should have [CmdletBinding()] attribute (ID: CmdletBinding)" time="0.0653" asserts="0" success="True" result="Success" executed="True" />
                      <test-case description="Should have a param() block (ID: ParamBlock)" name="PSModule - SourceCode tests.functions.Generic.Should have a param() block (ID: ParamBlock)" time="0.0247" asserts="0" success="True" result="Success" executed="True" />
                    </results>
                  </test-suite>
                  <test-suite type="TestFixture" name="PSModule - SourceCode tests.functions.public functions" executed="True" result="Success" success="True" time="0.2893" asserts="0" description="PSModule - SourceCode tests.functions.public functions">
                    <results>
                      <test-case description="All public functions/filters have tests (ID: FunctionTest)" name="PSModule - SourceCode tests.functions.public functions.All public functions/filters have tests (ID: FunctionTest)" time="0.0726" asserts="0" success="True" result="Success" executed="True" />
                    </results>
                  </test-suite>
                </results>
              </test-suite>
            </results>
          </test-suite>
        </results>
      </test-suite>
    </results>
  </test-suite>
</test-results>